# USAGE: the intent of this file is to keep track of current
# regressions and to keep notes about why they are failing.  We start
# with general regressions that are seen across a wide variety of
# platforms, and then move onto linux64 regressions since those are
# our main development platform.  Other platforms/settings that are
# currently causing regressions are listed afterwards in some
# approximation to priority order.  Formatting for each entry can be
# loose, but should roughly follow the format of brief note on why the
# test is failing followed by a list of tests that are failing for
# that reason.  If someone owns a particular regression, their name
# can be added to the description as well.
# The path to each test should appear here, so it can be be grepped for.
# The convention here is to include the entire error message, with [].
# Except if a lot of test fail for the identical reason or in the same
# directory, a wildcard is more appropriate.
# The date the entry is added is also useful.


===========================================================
general regressions (seem to happen in most configurations)
===========================================================

--verify fails for many tests (worked around by 21936, needs a fix from 21924 (bradc))
--------------------------------------------------------------------------------------
[Error matching compiler output for release/examples/benchmarks/hpcc/fft]
[Error matching compiler output for release/examples/benchmarks/hpcc/hpl]
[Error matching compiler output for release/examples/benchmarks/hpcc/ra-atomics (compopts: 1)]
[Error matching compiler output for release/examples/benchmarks/hpcc/ra (compopts: 1)]
[Error matching compiler output for release/examples/benchmarks/hpcc/variants/ra-cleanloop (compopts: 1)]
[Error matching compiler output for distributions/dm/t5a]
...

==============================================
linux64 regressions (in addition to the above)
==============================================


==============================================
linux32 regressions (in addition to the above)
==============================================


================================
performance-specific regressions
================================

thread-ring times out ever since it was made into a performance test
--------------------------------------------------------------------
[Error: Timed out executing program release/examples/benchmarks/shootout/threadring]
[Error: Timed out executing program studies/shootout/thread-ring/lydia/thread-ring-coforall]
[Error: Timed out executing program studies/shootout/thread-ring/lydia/thread-ring-for-begin]

mandelbrot-fancy gen compiler failures due to overflow analysis
---------------------------------------------------------------
[Error matching compiler output for studies/shootout/mandelbrot/mandelbrot-fancy]
Gen compiler messages of the form:
  /tmp/chpl-gbt-25650.deleteme/mandelbrot-fancy.c: In function 'coforall_fn13':
  /tmp/chpl-gbt-25650.deleteme/mandelbrot-fancy.c:2104: error: assuming signed overflow does not occur when assuming that (X + c) < X is always false

Has been happening since at least 6/27/13.  Curiously, it actually
succeeded on 8/22/13 and 9/25/13.  The passing seems to be a result of compiler
changes that avoid the particular optimization that is causing the warning.  It
passes from revision 21739 to 21741 and from 21945 to 21952.

See NightlyPerformance/chap*/day?-???-linux64.gnu.none.fifo.pthreads-prf
and history thereof.

lulesh decreasing performance (~10/20/12 and 1/23/13)
-----------------------------------------------------
gbt, 3/11/13: I've taken ownership of this.

execution timeouts (08/29/09)
-----------------------------
[Error: Timed out executing program studies/shootout/nbody/sidelnik/nbody_iterator_7 (compopts: 1)]
[Error: Timed out executing program studies/shootout/nbody/sidelnik/nbody_rangesub_5 (compopts: 1)]
[Error: Timed out executing program studies/shootout/nbody/sidelnik/nbody_reductions_6 (compopts: 1)]
[Error: Timed out executing program studies/shootout/nbody/sidelnik/nbody_vector_4 (compopts: 1)]


========================
memory leaks regressions
========================


===============================
valgrind-specific regressions
(Checked for accuracy 8/26/13)
===============================

random failures due to being out of memory (on purpose)
-------------------------------------------------------
Consider disabling this test for valgrind:
[Error matching compiler output for memory/shannon/outofmemory/mallocOutOfMemory]

overlapping memcpy (root cause should be eliminated)
----------------------------------------------------
[Error matching program output for io/bradc/readWholeArr]
[Error matching program output for io/ferguson/readThis/readarr]
[Error matching program output for io/ferguson/writebinaryarray]
[Error matching program output for users/ferguson/bulkerr]

stack overflow
--------------
[Error matching program output for parallel/cobegin/gbt/cobegin-stacksize]

missing "unable to create more than 0000 threads" warning
---------------------------------------------------------
[Error matching program output for parallel/taskPool/figueroa/TooManyThreads (compopts: 1)]
  Perhaps not a real error: The program is expected to raise the warning
"maxThreadsPerLocale is unbounded, but unable to create more than 0000 threads"
But under valgrind, the program is executed with --numThreadsPerLocale=100,
so the warning does not apply and is not raised, and .good is not matched.

"Unrecognised instruction" (05/18/2013)
---------------------------------------
[Error matching program output for types/atomic/ferguson/atomictest]
[Error matching program output for types/atomic/sungeun/atomic_vars]

timeouts
--------
The following tests started timing out on 3/02/2013:
[Error: Timed out executing program release/examples/benchmarks/lulesh/lulesh (compopts: 1, execopts: 4)]
[Error: Timed out executing program release/examples/benchmarks/lulesh/lulesh (compopts: 2, execopts: 4)]

[Error: Timed out executing program studies/lulesh/bradc/xyztuple/lulesh-dense-3tuple] (started when tested for the first time on 10/27/2012)

The following tests have been timing out since 9/2012, presumably
because they rely on a large number of threads and Sung limited the
number of threads for valgrind testing on 08/30/12:
[Error: Timed out executing program parallel/begin/sungeun/captureAppearsToWork]

The following tests have been timing out since 8/18/2012 or earlier:
[Error: Timed out executing program studies/cholesky/jglewis/version2/performance/test_cholesky_performance (compopts: 1)]
[Error: Timed out executing program studies/hpcc/PTRANS/PTRANS]
[Error: Timed out executing program studies/lammps/shemmy/p-lammps-n4]
[Error: Timed out executing program studies/lammps/shemmy/p-lammps-n2]
[Error: Timed out executing program studies/lammps/shemmy/p-lammps-n1]
[Error: Timed out executing program studies/shootout/fannkuch-redux/fannkuch-redux (execopts: 2)]
[Error: Timed out executing program types/range/bradc/overflowInComputeBlock]
[Error: Timed out executing program types/single/sungeun/stress]

functions/iterators/vass/yield-arrays-var-nonvar.chpl times out in compilation
(08/19/13 - assigned to Vass)

compilation timeouts 9/9/13
(seem related to timeouts in other configs that started 9/6/13)
---------------------------------------------------------------
[Error: Timed out compilation for multilocale/gbt/hello-numThreads-1]
[Error: Timed out compilation for optimizations/bulkcomm/alberto/Block/2dStrideTest]
[Error: Timed out compilation for optimizations/bulkcomm/alberto/Block/3dStrideTest]
[Error: Timed out compilation for optimizations/bulkcomm/alberto/Block/perfTest (compopts: 1)]
[Error: Timed out compilation for optimizations/bulkcomm/alberto/Block/perfTest_v2 (compopts: 1)]
[Error: Timed out compilation for optimizations/bulkcomm/alberto/Cyclic/perfTest (compopts: 1)]
[Error: Timed out compilation for optimizations/bulkcomm/alberto/Cyclic/perfTest_v2 (compopts: 1)]
[Error: Timed out compilation for release/examples/benchmarks/lulesh/test3DLulesh (compopts: 1)]
[Error: Timed out compilation for release/examples/benchmarks/lulesh/test3DLulesh (compopts: 2)]
[Error: Timed out compilation for sparse/parallel/sparse-iter-dom-arr-zipper]
[Error: Timed out compilation for users/franzf/v0/chpl/main (compopts: 1)]
[Error: Timed out compilation for users/franzf/v1/chpl/main (compopts: 1)]
[Error: Timed out compilation for users/franzf/v2/chpl/main (compopts: 1)]


large number of failures, defying efforts to reproduce (started 9/23/13)
------------------------------------------------------------------------
As of 9/30/13, still have >2,000 failures due to what looks like the same error.
(invalid writes and reads in rangeBase)

===============================
no-local regressions
===============================

compilation timeouts (started 9/6/13) (eronagha)
------------------------------------------------
[Error: Timed out compilation for studies/lulesh/bradc/lulesh-dense (compopts: 1)]


====================================================
gasnet-everything regressions (other than the above)
(Checked for accuracy 8/30/13)
====================================================

amount of comm. went down with locale ID optimization change (08/30/13)
-----------------------------------------------------------------------
[Error matching program output for studies/ssca2/performance/SSCA2_commDiags (compopts: 1)]

deadlock due to impact of small # of threads on root locale replication (08/21/13)
-----------------------------------------------------------------------
[Error: Timed out executing program multilocale/gbt/hello-numThreads-1]


==============================================
gasnet-fast regressions (other than the above)
(checked for accuracy 8/31/2013)
==============================================

memory doesn't match (05/28/09)
-------------------------------
[Error matching program output for memory/shannon/memstatPrint]

unable to start polling thread (???)
------------------------------------
[Error matching program output for memory/shannon/outofmemory/mallocOutOfMemory]

execution timeouts
(in this configuration: linux64.gnu.gasnet-fast.fifo.pthreads.dlmalloc)
------------------
[Error: Timed out executing program domains/johnk/capacityParSafe (compopts: 1)] (since 12/16/2012)


=======================
tcmalloc-specific tests
=======================

Out of memory allocating "string copy data"
-------------------------------------------
Sometimes also "malloc.c:3091: sYSMALLOc: Assertion ..... failed."
[Error matching program output for domains/johnk/capacityParSafe (compopts: 1)] (started 12/15/2012)


==============================
block distribution regressions
==============================

communication counts changed due to Tom's HL branch merge (06/11/13)
--------------------------------------------------------------------
see gasnet-everything above for distributions/robust/arithmetic/performance/*


===============================
cyclic distribution regressions
===============================

communication counts changed due to Vass' task functions commit (05/30/13)
--------------------------------------------------------------------------
[Error matching program output for distributions/robust/arithmetic/performance/assign]
[Error matching program output for distributions/robust/arithmetic/performance/reduce]

communication counts changed due to Tom's HL branch merge (06/11/13)
--------------------------------------------------------------------
distributions/robust/arithmetic/performance/* (including the 2 above)


================================
darwin-/mac-specific regressions
================================

ptr-to-ssize_t/ptr-to-int32_t warnings (Proposed fix is to preserve type
alias identifiers through codegen rather than dropping them in the compiler
as we currently do)
---------------------------------------------------------------------------
[Error matching compiler output for release/examples/primers/fileIO]
[Error matching program output for studies/amr/advection/amr/AMR_AdvectionCTU_driver]
[Error matching program output for studies/amr/advection/grid/Grid_AdvectionCTU_driver]
[Error matching program output for studies/amr/advection/level/Level_AdvectionCTU_driver]
[Error matching program output for studies/amr/diffusion/grid/Grid_DiffusionBE_driver]
[Error matching program output for studies/amr/diffusion/level/Level_DiffusionBE_driver]

maybe we can remove these suppressions for Mac now?
---------------------------------------------------
[Error: did not find expected suppression execflags/bradc/gdbddash/declint2]
[Error: did not find expected suppression execflags/bradc/gdbddash/gdbSetConfig]

??? (ever since checked in -- may now be fixed but regressions haven't run?)
----------------------------------------------------------------------------
[Error matching program output for studies/graph500/v1/main]

??? (ever since checked in)
---------------------------
[Error matching compiler output for studies/shootout/chameneos-redux/chameneos-redux-cas]

??? (06/23/10)
--------------
[Error matching compiler output for parallel/taskPool/figueroa/TooManyThreads]

gdb output differences
----------------------
[Error matching program output for execflags/bradc/gdbddash/declint]
[Error matching program output for execflags/bradc/gdbddash/declint2]
[Error matching program output for execflags/bradc/gdbddash/gdbSetConfig]

chpldoc sorting differences
---------------------------
[Error matching program output for chpldoc/compflags/alphabetical/alphabetized]
[Error matching compiler output for chpldoc/compflags/alphabetical/alphabetized]


======================================
chpbld01 (PrgEnv/XC test system) failures
======================================

build failures due to PE chaos (9/05/13) (bradc)


======================================
chpbld02 (PrgEnv/XE test system) failures
(checked for accuracy 08/27/13)
======================================

gets "that wasn't very random looking" failure
------------------------------------------------------------------------------
[Error matching program output for modules/standard/Random/diten/testRandomSeed]

unreproducible io/ferguson/utf8cols/widecols.chpl failure (9/29/13 and 9/30/13)
-------------------------------------------------------------------------------
<internal>: error: Invalid argument in file.reader with path "/dev/null"
  found on XT's gnu, intel, and pgi target builds as well as
  linux64.gnu.none.fifo.pthreads

====================================================
cray-xt-specific failures (in addition to the above)
====================================================

problem with static/dynamic linking?
------------------------------------
[Error matching compiler output for link/sungeun/static_dynamic (compopts: 6)] (started 10/26/2012)

diff seems to think output file is binary? (09/26/11 -- first run in ages)
--------------------------------------------------------------------------
[Error matching program output for compflags/bradc/html/testit]

incorrect output -- Memory leakage numbers are negative (!) or higher than expected
----------------------------------------------------------------------------------------
[Error matching program output for memory/figueroa/LeakedMemory5 (compopts: 1)]


=====================================
cray-xt-cray/cce-specific regressions
(Checked for accuracy 2/26/2013)
=====================================

New CCE 8.2 warning: An unsigned integer is being compared to zero (7/16/13)
----------------------------------------------------------------------------
[Error matching program output for release/examples/benchmarks/hpcc/ra-atomics (compopts: 1)]
[Error matching program output for release/examples/benchmarks/hpcc/ra (compopts: 1)]
[Error matching program output for release/examples/benchmarks/hpcc/variants/ra-cleanloop (compopts: 1)]


seg fault (6/9/13)
------------------
[Error matching program output for distributions/robust/arithmetic/optimizations/optimizeOnClauses_basic]
[Error matching program output for distributions/robust/arithmetic/optimizations/optimizeOnClauses_basic_record]

seg fault in distribution robustness suite (3/11/13)
----------------------------------------------------

These are due to r21086.  Unfortunately, these work just fine in
developer mode, and for some reason I run into a CCE front-end bug
when I try to compile in non-developer mode.  I think that I can avoid
that by also building with OPTIMIZE=1, but then I get minimal symbol
information, making debugging pretty difficult.  (3/12/13: sungeun)

     distributions/robust/arithmetic/basics/test_array_accesses1
     distributions/robust/arithmetic/basics/test_array_assignment
     distributions/robust/arithmetic/basics/test_array_iteration1
     distributions/robust/arithmetic/basics/test_array_swap
     distributions/robust/arithmetic/basics/test_domain_iteration1
     distributions/robust/arithmetic/basics/test_infer_array_type
     distributions/robust/arithmetic/basics/test_zipper_default
     distributions/robust/arithmetic/modules/test_module_Norm
     distributions/robust/arithmetic/modules/test_module_Random
     distributions/robust/arithmetic/optimizations/optimizeOnClauses_basic_tuple
     distributions/robust/arithmetic/reindexing/test_array_alias4
     distributions/robust/arithmetic/reindexing/test_reindexing1
     distributions/robust/arithmetic/reindexing/test_reindexing2
     distributions/robust/arithmetic/reindexing/test_reindexing3
     distributions/robust/arithmetic/reindexing/test_reindexing4
     distributions/robust/arithmetic/reindexing/test_reindexing5
     distributions/robust/arithmetic/reindexing/test_reindexing7
     distributions/robust/arithmetic/trivial/test_writeln

extern_string_test output mismatch
----------------------------------
[Error matching .bad file for users/ferguson/extern_string_test (compopts: 1)] (cray-xt.cray-prgenv-cray.none.fifo.pthreads--linux64.gnu on chpbld02, 6/16/13)

compilation timeouts due to removing --fast and non-default timeouts (02/28/13)
David's analysis suggests that Inter Procedural Analysis is the culprit
-------------------------------------------------------------------------------
[Error: Timed out compilation for release/examples/benchmarks/lulesh/test3DLulesh (compopts: 1)]
[Error: Timed out compilation for release/examples/benchmarks/lulesh/test3DLulesh (compopts: 2)]

value is outside of the int range in C compilation (03/??/12)
-------------------------------------------------------------
[Error matching compiler output for types/enum/ferguson/enum_mintype_test]

wrong result due to reliance on wraparound in signed integers in test itself
----------------------------------------------------------------------------
[Error matching program output for expressions/bradc/uminusVsTimesPrec]

wrong answer
------------
[Error matching program output for modules/standard/math/rint]

error differs but within acceptable margin; should squash error printing
------------------------------------------------------------------------
[Error matching program output for studies/hpcc/FFT/marybeth/fft]

precision issues (?) -- is there a floating point flag we need to throw?
------------------------------------------------------------------------
[Error matching program output for studies/madness/aniruddha/madchap/mytests/par-reconstruct/test_reconstruct (compopts: 1)]
[Error matching program output for studies/madness/aniruddha/madchap/test_diff]
[Error matching program output for studies/madness/aniruddha/madchap/test_gaxpy]
[Error matching program output for studies/madness/aniruddha/madchap/test_likepy]
[Error matching program output for studies/madness/common/test_diff]
[Error matching program output for studies/madness/common/test_gaxpy]
[Error matching program output for studies/madness/common/test_likepy]
[Error matching program output for studies/madness/dinan/mad_chapel/test_diff]
[Error matching program output for studies/madness/dinan/mad_chapel/test_gaxpy]

compilation timeouts (10/19/11)
-------------------------------
[Error: Timed out compilation for optimizations/bulkcomm/alberto/3dStrideTest]
[Error: Timed out compilation for optimizations/bulkcomm/alberto/perfTest (compopts: 1)]
[Error: Timed out compilation for optimizations/bulkcomm/alberto/perfTest_v2 (compopts: 1)]
[Error: Timed out compilation for sparse/parallel/sparse-iter-dom-arr-zipper]


==============================================================
pgi-specific regressions (in addition to cray-xt errors above) 
(Checked for accuracy 8/27/2013)
==============================================================

Some sort of gdb issue with 'bool' not being found in symtab
------------------------------------------------------------
[Error matching compiler output for compflags/bradc/gdbddash/declint] (Succeeded on 7/1/13, assumed succeeding later as well)

signal 11
---------
[Error matching program output for arrays/johnk/associative/tooFewKeys (compopts: 1)]
[Error matching program output for arrays/johnk/associative/tooManyKeys (compopts: 1)]
[Error matching program output for arrays/johnk/associative/wrongKeys (compopts: 1)]
[Error matching program output for domains/sungeun/assoc/index_not_in_domain_1 (compopts: 1)]
[Error matching program output for domains/sungeun/assoc/index_not_in_domain_1 (compopts: 2)]
[Error matching program output for parallel/begin/stonea/reports]
[Error matching program output for parallel/begin/stonea/reportsManyThreads]
[Error matching program output for parallel/cobegin/bradc/exitone]
[Error matching program output for parallel/cobegin/diten/cobeginRace]
[Error matching program output for parallel/cobegin/hilde/reports]
[Error matching program output for parallel/cobegin/stonea/reports (execopts: 1)]
[Error matching program output for parallel/cobegin/stonea/reports (execopts: 2)]
[Error matching program output for parallel/cobegin/stonea/reports (execopts: 3)]
[Error matching program output for parallel/cobegin/stonea/reports (execopts: 4)]
[Error matching program output for parallel/coforall/stonea/reports (execopts: 1)]
[Error matching program output for parallel/coforall/stonea/reports (execopts: 2)]
[Error matching program output for parallel/coforall/stonea/reports (execopts: 3)]
[Error matching program output for parallel/coforall/stonea/reports (execopts: 4)]
[Error matching program output for parallel/taskCompare/lydia/coforall-begin (execopts: 1)]
[Error matching program output for parallel/taskCompare/lydia/coforall-begin (execopts: 2)]
[Error matching program output for parallel/taskCompare/lydia/coforall (execopts: 1)]
[Error matching program output for parallel/taskCompare/lydia/coforall (execopts: 2)]
[Error matching program output for parallel/taskCompare/lydia/for-begin (execopts: 1)]
[Error matching program output for parallel/taskCompare/lydia/for-begin (execopts: 2)]
[Error matching program output for sparse/bradc/parIter/spsZipper2]
[Error matching program output for sparse/vass/sparse-mismatch-dom-err-arr1dom1dom2]
[Error matching program output for sparse/vass/sparse-mismatch-dom-err-arr1dom2dom1]
[Error matching program output for sparse/vass/sparse-mismatch-dom-err-arrarr]
[Error matching program output for sparse/vass/sparse-mismatch-dom-err-arrdom]
[Error matching program output for sparse/vass/sparse-mismatch-dom-err-dom1arr1arr2]
[Error matching program output for sparse/vass/sparse-mismatch-dom-err-dom1arr2arr1]
[Error matching program output for sparse/vass/sparse-mismatch-dom-err-dom1dom2dom1]
[Error matching program output for sparse/vass/sparse-mismatch-dom-err-dom1dom2dom2]
[Error matching program output for sparse/vass/sparse-mismatch-dom-err-domarr]
[Error matching program output for sparse/vass/sparse-mismatch-dom-err-domdom]
[Error matching program output for studies/shootout/thread-ring/thread-ring-coforall-begin (execopts: 1)]
[Error matching program output for studies/shootout/thread-ring/thread-ring-coforall-begin (execopts: 2)]
[Error matching program output for studies/shootout/thread-ring/thread-ring-coforall (execopts: 1)]
[Error matching program output for studies/shootout/thread-ring/thread-ring-coforall (execopts: 2)]
[Error matching program output for studies/shootout/thread-ring/thread-ring-for-begin (execopts: 1)]
[Error matching program output for studies/shootout/thread-ring/thread-ring-for-begin (execopts: 2)]

identifier names too long
-------------------------
[Error matching program output for distributions/dm/t5a]

gdb prints paths differently
----------------------------
[Error matching program output for execflags/bradc/gdbddash/declint2]

Numerical accuracy issues (started 05/24/08)
--------------------------------------------
[Error matching program output for studies/madness/aniruddha/madchap/test_diff]
[Error matching program output for studies/madness/aniruddha/madchap/test_likepy]
[Error matching program output for studies/madness/common/test_diff]
[Error matching program output for studies/madness/common/test_likepy]
[Error matching program output for studies/madness/dinan/mad_chapel/test_diff]
[Error matching program output for studies/madness/dinan/mad_chapel/test_likepy]

negative floating point 0.0 not supported
-----------------------------------------
[Error matching program output for types/complex/bradc/negateimaginary3] 
[Error matching program output for types/complex/bradc/negativeimaginaryliteral]

alignment error in output
-------------------------
[Error matching program output for types/range/hilde/align]


===================================================================
xt-intel-specific regressions (in addition to cray-xt errors above)
(Checked for accuracy 2/26/2013)
===================================================================

seg fault for linux64.intel.none.fifo.pthreads on chpbld02 (7/3/13) (Greg)
--------------------------------------------------------------------------
these are due to r21501 (op=)
[Error matching program output for distributions/robust/arithmetic/basics/test_array_assignment]
[Error matching program output for distributions/robust/arithmetic/basics/test_infer_array_type]
more similar-looking segfaults 9/8/13:
[Error matching program output for distributions/robust/arithmetic/basics/test_array_iteration1]
[Error matching program output for distributions/robust/arithmetic/basics/test_domain_iteration1]
[Error matching program output for distributions/robust/arithmetic/reindexing/test_reindexing1]
[Error matching program output for distributions/robust/arithmetic/reindexing/test_reindexing2]
[Error matching program output for distributions/robust/arithmetic/reindexing/test_reindexing3]
[Error matching program output for distributions/robust/arithmetic/reindexing/test_reindexing4]
[Error matching program output for distributions/robust/arithmetic/reindexing/test_reindexing5]
[Error matching program output for distributions/robust/arithmetic/reindexing/test_reindexing7]
[Error matching program output for distributions/robust/arithmetic/trivial/test_writeln]


numeric discrepancies
---------------------
The following tests have failed since 8'2012 or earlier,
due to numeric discrepancies and (some of them) printing of '-',
for PrgEnv-intel, but not for just intel:
[Error matching program output for studies/madness/dinan/mad_chapel/test_gaxpy]
[Error matching program output for studies/madness/dinan/mad_chapel/test_mul]
[Error matching program output for studies/madness/dinan/mad_chapel/test_likepy]
[Error matching program output for studies/madness/dinan/mad_chapel/test_diff]
[Error matching program output for studies/madness/common/test_gaxpy]
[Error matching program output for studies/madness/common/test_mul]
[Error matching program output for studies/madness/common/test_likepy]
[Error matching program output for studies/madness/common/test_diff]
[Error matching program output for studies/madness/aniruddha/madchap/test_gaxpy]
[Error matching program output for studies/madness/aniruddha/madchap/test_mul]
[Error matching program output for studies/madness/aniruddha/madchap/test_likepy]
[Error matching program output for studies/madness/aniruddha/madchap/test_diff]
[Error matching program output for studies/madness/aniruddha/madchap/mytests/par-reconstruct/test_reconstruct (compopts: 1)]
[Error matching program output for studies/madness/aniruddha/madchap/mytests/par-compress/test_compress (compopts: 1)]

-0.0 printing as 0.0
-------------------------------------------------------
[Error matching program output for types/file/bradc/scalar/floatcomplexexceptions] (since 8'2012 or earlier)

alignment mismatch in output (04/08/12)
---------------------------------------
[Error matching program output for types/range/hilde/align]


========================
xt-gnu specific failures
========================

New gcc warning for 4.8 (6/7/13)
--------------------------------
[Error matching program output for optimizations/sungeun/RADOpt/access2d (compopts: 1)]
[Error matching program output for studies/hpcc/PTRANS/jglewis/ptrans_2011]
[Error matching program output for studies/hpcc/PTRANS/jglewis/ptrans_2011-blkcyc]
[Error matching program output for studies/ssca2/rachels/SSCA2_test (compopts: 3, execopts: 1)]

  > In file included from /tmp/chpl-chapelu-8226.deleteme/_main.c:13:0:
  > /tmp/chpl-chapelu-8226.deleteme/DSIUtil.c: In function '_factor.isra.281':
  > /tmp/chpl-chapelu-8226.deleteme/ChapelTuple.c:20:21: warning: iteration 2305843009213693951u invokes undefined behavior [-Waggressive-loop-optimizations]
  >    ret = *(*(this30) + (i - 1));
  >                      ^
  > In file included from /tmp/chpl-chapelu-8226.deleteme/_main.c:38:0:
  > /tmp/chpl-chapelu-8226.deleteme/DSIUtil.c:932:11: note: containing loop
  >      while (T15) {
  >            ^

I think that this is a case of gcc's warning being more thorough.  I'm
not sure if there's a general workaround for this particular case
other than silencing the warning.  One worry is that gcc is spending
extra time optimizing due to the above code, but not sure what we can
do about it.


Non-matching .bad
-----------------
[Error matching .bad file for functions/gbt/retRecordMultiDef]

Looks like the error message format changed for newer versions of gcc.
Just documenting so no one has to spend any time on it.



========================
cygwin-specific failures
========================

???
---
[Error: Timed out executing program release/examples/spec/Task_Parallelism_and_Synchronization/singleVar]

undiagnosed problems that started showing up 10/14/10 after lack of testing
---------------------------------------------------------------------------
[Error matching compiler output for parallel/taskPool/figueroa/TooManyThreads]
[Error matching program output for distributions/robust/associative/stress/many_domain]
[Error matching program output for modules/standard/Random/diten/testRandomSeed]
[Error matching program output for parallel/cobegin/gbt/cobegin-stacksize]
[Error matching program output for studies/hpcc/PTRANS/PTRANS]
[Error matching program output for studies/shootout/fannkuch-redux/fannkuch-redux  --N=10 (--cc-warnings  ) (0-2)]

pthread_cond_init failure => cannot rm binary
---------------------------------------------
[Error matching program output for npb/cg/bradc/cg-sparse]
[Error matching program output for performance/compiler/bradc/cg-sparse-timecomp]
[Error matching program output for studies/sudoku/dinan/sudoku]

print occurs in 0 seconds!?  Timers not working?
------------------------------------------------
[Error matching program output for spec/marybeth/use]

sig_send: wait for sig_complete event failed
--------------------------------------------
[Error matching program output for studies/madness/aniruddha/madchap/test_likepy]
[Error matching program output for studies/madness/common/test_likepy]
[Error matching program output for studies/madness/dinan/mad_chapel/test_likepy]
[Error matching program output for users/jglewis/badGetModule]


=======================
qthreads-specific tests
=======================

gbt: -r21643 qthreads builds fail with failure to find include file.

NOTE: Began testing the entire test suite for CHPL_COMM=none on 12/7/12

-static flag results in undefined references to pthread calls (12/7/12)
-----------------------------------------------------------------------
sungeun: Dylan is looking into this

[Error matching compiler output for link/sungeun/static_dynamic (compopts: 1)]
[Error matching compiler output for link/sungeun/static_dynamic (compopts: 2)]
[Error matching compiler output for link/sungeun/static_dynamic (compopts: 3)]


More tasks created that expected (12/7/12)
------------------------------------------
[Error matching program output for trivial/sungeun/runningTasks1]

We get the "wrong" answer.  Dylan says that this is not implemented
correctly for qthreads on purpose.  Disable?

Call stack size is different than for fifo (12/7/12)
----------------------------------------------------
[Error matching program output for execflags/bradc/callStackSize]

We call this program with CHPL_RT_CALL_STACK_SIZE=13000000, but fifo
rounds up to next page size, so the .good file say 13000704.  Qthreads
does not do this by default, so its output reports the exact
callStackSize.  We could fix this with some math.

segv in qthread library (12/7/12)
---------------------------------
[Error matching program output for studies/madness/common/test_likepy]

This dies with segv with the following message:

     *** glibc detected *** ./test_likepy: free(): invalid pointer: 0x00007f979\
1ffa010 ***

The printed backtrace goes through the qthread library.  FYI, the
other madness tests all fail with segv, but this seems to be the only
one that prints a backtrace.  Dylan is looking into this.


segv (no backtrace) (12/7/12)
-----------------------------
sungeun: I suggested to Dylan to try increasing default stack size for
some of these.

[Error matching program output for memory/shannon/outofmemory/mallocOutOfMemory]
[Error matching program output for studies/sudoku/dinan/search/sudoku-reduce4]
[Error matching program output for studies/sudoku/dinan/search/sudoku-reduce]
[Error matching program output for studies/sudoku/deitz/sudoku_compress3]
[Error matching program output for studies/madness/dinan/mad_chapel/test_mul]
[Error matching program output for studies/madness/dinan/mad_chapel/test_likepy]
[Error matching program output for studies/madness/dinan/mad_chapel/test_diff]
[Error matching program output for studies/madness/dinan/mad_chapel/test_gaxpy]
[Error matching program output for studies/madness/aniruddha/madchap/test_mul]
[Error matching program output for studies/madness/aniruddha/madchap/test_likepy]
[Error matching program output for studies/madness/aniruddha/madchap/test_diff]
[Error matching program output for studies/madness/aniruddha/madchap/test_gaxpy]
[Error matching program output for studies/madness/aniruddha/madchap/recordBug/test_likepy]
[Error matching program output for studies/madness/aniruddha/madchap/mytests/par-reconstruct/test_reconstruct (compopts: 1)]
[Error matching program output for studies/madness/aniruddha/madchap/mytests/par-compress/test_compress (compopts: 1)]
[Error matching program output for studies/madness/aniruddha/madchap/mytests/par-refine/test_refine (compopts: 1)]
[Error matching program output for studies/madness/common/test_mul]
[Error matching program output for studies/madness/common/test_diff]
[Error matching program output for studies/madness/common/test_gaxpy]


timeouts (12/7/12)
------------------
[Error: Timed out executing program parallel/cobegin/bradc/exitone]
[Error: Timed out executing program parallel/begin/deitz/test_begin_error_lineno]
[Error: Timed out executing program parallel/begin/marybeth/test_forbegin3]
[Error: Timed out executing program parallel/begin/marybeth/test_forbegin]
[Error running sub_test in /tmp/chapel-cron-linux64.gnu.none.qthreads.none-chapelu/chapel/test/users/vass (1)]
[Error: Timed out executing program users/shetag/fock/fock-2]
[Error: Timed out executing program users/shetag/fock/fock-1]
[Error: Timed out executing program domains/sungeun/assoc/stress (compopts: 1, execopts: 2)]
[Error: Timed out executing program studies/shootout/thread-ring/thread-ring (compopts: 1, execopts: 1)]



==========================================================
qthreads+gasnet-specific tests (only run for -multilocale)
==========================================================

doesn't complain about 257-thread limit being too high (probably isn't?)
------------------------------------------------------------------------
[Error matching program output for multilocale/gasnet/bradc/257threads]

failed since adding more multilocale directories (01/31/12)
-----------------------------------------------------------
[Error: Timed out executing program distributions/bradc/extremeBlock]
[Error: Timed out executing program distributions/nelson/MultiBlockDist2DLocales]

*** FATAL ERROR: recursive failure in AMUDP_SPMDShutdown
--------------------------------------------------------
[Error matching program output for multilocale/local/diten/test_local2] (8/24/13, linux64.gnu.gasnet.qthreads.none-exm)
  Worked when re-run; may be intermittent?


=======================
baseline-specific tests
(Checked for accuracy 2/26/2013)
=======================

Tests suppressions that now succeed due to turning on inlining (12/7/12)
------------------------------------------------------------------------
[Error: did not find expected suppression trivial/mjoyner/inlinefunc/inlfunc1_report]
[Error: did not find expected suppression trivial/mjoyner/inlinefunc/inlfunc2_report]

never worked (02/24/11)
-----------------------
[Error matching compiler output for extern/bradc/copyExternRecord/extern_test (compopts: 1)]

problems in generated code (02/16/12 -- first run in awhile)
------------------------------------------------------------
[Error matching compiler output for types/typedefs/bradc/redefineTypeNames]

incorrect output -- expected? (04/03/10)
----------------------------------------
[Error matching program output for arrays/deitz/parallelism/stream/test_stream_is_parallel]
[Error matching program output for arrays/deitz/parallelism/stream/test_whole_array_stream_is_parallel]

wrong output (02/16/12 -- first run in awhile)
----------------------------------------------
[Error matching program output for arrays/deitz/part7/test_descriptor_frees]
[Error matching program output for memory/figueroa/LeakedMemory2]
[Error matching program output for memory/figueroa/LeakedMemory5 (compopts: 1)]
[Error matching program output for memory/figueroa/LeakedMemoryArrayOfClasses]

??? (wrong output)
------------------
[Error matching program output for classes/figueroa/RecordConstructor2]

segv due to turning on inlining (12/7/12)
-----------------------------------------

sungeun: I have confirmed that almost all of these are due to running
out of stack space (lulesh timed out).  Assuming they are *not*
intermittent or at least less so than the others with inilining, I
think we would prefer these errors.

[Error matching program output for parallel/cobegin/deitz/test_big_recursive_cobegin]
[Error matching program output for parallel/cobegin/gbt/cobegin-stacksize]
[Error matching program output for studies/lulesh/bradc/xyztuple/lulesh-dense-3tuple]
[Error matching program output for studies/madness/common/test_likepy]
[Error matching program output for studies/madness/common/test_mul]
[Error matching program output for studies/madness/aniruddha/madchap/test_likepy]
[Error matching program output for studies/madness/aniruddha/madchap/test_mul]
[Error matching program output for studies/madness/dinan/mad_chapel/test_likepy]
[Error matching program output for studies/madness/dinan/mad_chapel/test_mul]

timeouts
--------
[Error: Timed out executing program studies/lammps/shemmy/p-lammps-n1]
[Error: Timed out executing program studies/lammps/shemmy/p-lammps-n2]
[Error: Timed out executing program studies/lammps/shemmy/p-lammps-n4]


============================================
CHPL_COMM=ugni, CHPL_TASKS=muxed regressions
============================================

Incorrect output (should be fixed by r21213)
  parallel/taskPar/sungeun/barrier/basic

Comm diags mismatch
  multilocale/deitz/needMultiLocales/dist/test_private_space
  multilocale/deitz/needMultiLocales/raCommCheck
  multilocale/deitz/needMultiLocales/streamCommCheck
  parallel/taskPar/sungeun/barrier/commDiags

Output mismatch
  multilocale/numLocales/bradc/testVFlag
  multilocale/numLocales/bradc/testVerboseFlag
